2024-08-06 13:06:58,111 INFO o.h.v.i.u.Version [background-preinit] HV000001: Hibernate Validator 8.0.1.Final
2024-08-06 13:06:58,164 INFO o.s.b.StartupInfoLogger [restartedMain] Starting ScrapperApplication using Java 21.0.2 with PID 22604 (C:\Users\danil\Desktop\java-course-2023-backend-template\scrapper\target\classes started by danil in C:\Users\danil\Desktop\java-course-2023-backend-template)
2024-08-06 13:06:58,169 INFO o.s.b.SpringApplication [restartedMain] No active profile set, falling back to 1 default profile: "default"
2024-08-06 13:06:58,231 INFO o.s.b.l.DeferredLog [restartedMain] Devtools property defaults active! Set 'spring.devtools.add-properties' to 'false' to disable
2024-08-06 13:06:58,231 INFO o.s.b.l.DeferredLog [restartedMain] For additional web related logging consider setting the 'logging.level.web' property to 'DEBUG'
2024-08-06 13:07:00,079 INFO o.s.b.w.e.t.TomcatWebServer [restartedMain] Tomcat initialized with port 7070 (http)
2024-08-06 13:07:00,095 INFO o.a.j.l.DirectJDKLog [restartedMain] Initializing ProtocolHandler ["http-nio-7070"]
2024-08-06 13:07:00,097 INFO o.a.j.l.DirectJDKLog [restartedMain] Starting service [Tomcat]
2024-08-06 13:07:00,097 INFO o.a.j.l.DirectJDKLog [restartedMain] Starting Servlet engine: [Apache Tomcat/10.1.18]
2024-08-06 13:07:00,160 INFO o.a.j.l.DirectJDKLog [restartedMain] Initializing Spring embedded WebApplicationContext
2024-08-06 13:07:00,160 INFO o.s.b.w.s.c.ServletWebServerApplicationContext [restartedMain] Root WebApplicationContext: initialization completed in 1928 ms
2024-08-06 13:07:01,109 WARN o.s.b.d.a.OptionalLiveReloadServer [restartedMain] Unable to start LiveReload server
2024-08-06 13:07:01,135 INFO o.a.j.l.DirectJDKLog [restartedMain] Starting ProtocolHandler ["http-nio-7070"]
2024-08-06 13:07:01,164 INFO o.s.b.w.e.t.TomcatWebServer [restartedMain] Tomcat started on port 7070 (http) with context path ''
2024-08-06 13:07:01,177 INFO o.s.b.StartupInfoLogger [restartedMain] Started ScrapperApplication in 3.724 seconds (process running for 5.151)
2024-08-06 13:07:06,876 INFO o.a.j.l.DirectJDKLog [http-nio-7070-exec-1] Initializing Spring DispatcherServlet 'dispatcherServlet'
2024-08-06 13:07:06,877 INFO o.s.w.s.FrameworkServlet [http-nio-7070-exec-1] Initializing Servlet 'dispatcherServlet'
2024-08-06 13:07:06,878 INFO o.s.w.s.FrameworkServlet [http-nio-7070-exec-1] Completed initialization in 1 ms
2024-08-06 13:07:08,430 INFO e.j.s.c.TextController [http-nio-7070-exec-2] IP-адрес клиента: 0:0:0:0:0:0:0:1
2024-08-06 13:07:08,927 INFO e.j.s.c.TextController [http-nio-7070-exec-2] http 400 текст не может быть пустым
2024-08-06 13:07:08,928 WARN o.s.w.s.h.AbstractHandlerExceptionResolver [http-nio-7070-exec-2] Resolved [java.util.concurrent.ExecutionException: org.springframework.web.client.HttpClientErrorException$BadRequest: 400 Bad Request: "{<EOL> "code": 3,<EOL> "message": "texts are empty",<EOL> "details": [<EOL>  {<EOL>   "@type": "type.googleapis.com/google.rpc.RequestInfo",<EOL>   "requestId": "e58edff4-802c-4c34-8d5a-f54dea06c626"<EOL>  }<EOL> ]<EOL>}<EOL>"]
2024-08-06 13:09:06,930 INFO o.s.b.d.a.LocalDevToolsAutoConfiguration$RestartingClassPathChangeChangedEventListener [File Watcher] Restarting due to 1 class path change (0 additions, 1 deletion, 0 modifications)
2024-08-06 13:09:06,937 INFO o.a.j.l.DirectJDKLog [Thread-1] Stopping ProtocolHandler ["http-nio-7070"]
2024-08-06 13:09:07,104 INFO o.s.b.StartupInfoLogger [restartedMain] Starting ScrapperApplication using Java 21.0.2 with PID 22604 (C:\Users\danil\Desktop\java-course-2023-backend-template\scrapper\target\classes started by danil in C:\Users\danil\Desktop\java-course-2023-backend-template)
2024-08-06 13:09:07,106 INFO o.s.b.SpringApplication [restartedMain] No active profile set, falling back to 1 default profile: "default"
2024-08-06 13:09:07,675 INFO o.s.b.w.e.t.TomcatWebServer [restartedMain] Tomcat initialized with port 7070 (http)
2024-08-06 13:09:07,677 INFO o.a.j.l.DirectJDKLog [restartedMain] Initializing ProtocolHandler ["http-nio-7070"]
2024-08-06 13:09:07,678 INFO o.a.j.l.DirectJDKLog [restartedMain] Starting service [Tomcat]
2024-08-06 13:09:07,678 INFO o.a.j.l.DirectJDKLog [restartedMain] Starting Servlet engine: [Apache Tomcat/10.1.18]
2024-08-06 13:09:07,714 INFO o.a.j.l.DirectJDKLog [restartedMain] Initializing Spring embedded WebApplicationContext
2024-08-06 13:09:07,715 INFO o.s.b.w.s.c.ServletWebServerApplicationContext [restartedMain] Root WebApplicationContext: initialization completed in 602 ms
2024-08-06 13:09:08,078 WARN o.s.b.d.a.OptionalLiveReloadServer [restartedMain] Unable to start LiveReload server
2024-08-06 13:09:08,098 INFO o.a.j.l.DirectJDKLog [restartedMain] Starting ProtocolHandler ["http-nio-7070"]
2024-08-06 13:09:08,103 INFO o.s.b.w.e.t.TomcatWebServer [restartedMain] Tomcat started on port 7070 (http) with context path ''
2024-08-06 13:09:08,108 INFO o.s.b.StartupInfoLogger [restartedMain] Started ScrapperApplication in 1.075 seconds (process running for 132.082)
2024-08-06 13:09:08,111 INFO o.s.b.d.a.ConditionEvaluationDeltaLoggingListener [restartedMain] Condition evaluation unchanged
2024-08-06 13:09:09,541 INFO o.s.b.d.a.LocalDevToolsAutoConfiguration$RestartingClassPathChangeChangedEventListener [File Watcher] Restarting due to 1 class path change (1 addition, 0 deletions, 0 modifications)
2024-08-06 13:09:09,544 INFO o.a.j.l.DirectJDKLog [Thread-5] Stopping ProtocolHandler ["http-nio-7070"]
2024-08-06 13:09:09,698 INFO o.s.b.StartupInfoLogger [restartedMain] Starting ScrapperApplication using Java 21.0.2 with PID 22604 (C:\Users\danil\Desktop\java-course-2023-backend-template\scrapper\target\classes started by danil in C:\Users\danil\Desktop\java-course-2023-backend-template)
2024-08-06 13:09:09,699 INFO o.s.b.SpringApplication [restartedMain] No active profile set, falling back to 1 default profile: "default"
2024-08-06 13:09:10,381 INFO o.s.b.w.e.t.TomcatWebServer [restartedMain] Tomcat initialized with port 7070 (http)
2024-08-06 13:09:10,383 INFO o.a.j.l.DirectJDKLog [restartedMain] Initializing ProtocolHandler ["http-nio-7070"]
2024-08-06 13:09:10,384 INFO o.a.j.l.DirectJDKLog [restartedMain] Starting service [Tomcat]
2024-08-06 13:09:10,385 INFO o.a.j.l.DirectJDKLog [restartedMain] Starting Servlet engine: [Apache Tomcat/10.1.18]
2024-08-06 13:09:10,436 INFO o.a.j.l.DirectJDKLog [restartedMain] Initializing Spring embedded WebApplicationContext
2024-08-06 13:09:10,436 INFO o.s.b.w.s.c.ServletWebServerApplicationContext [restartedMain] Root WebApplicationContext: initialization completed in 732 ms
2024-08-06 13:09:10,815 WARN o.s.b.d.a.OptionalLiveReloadServer [restartedMain] Unable to start LiveReload server
2024-08-06 13:09:10,829 INFO o.a.j.l.DirectJDKLog [restartedMain] Starting ProtocolHandler ["http-nio-7070"]
2024-08-06 13:09:10,834 INFO o.s.b.w.e.t.TomcatWebServer [restartedMain] Tomcat started on port 7070 (http) with context path ''
2024-08-06 13:09:10,838 INFO o.s.b.StartupInfoLogger [restartedMain] Started ScrapperApplication in 1.21 seconds (process running for 134.813)
2024-08-06 13:09:10,841 INFO o.s.b.d.a.ConditionEvaluationDeltaLoggingListener [restartedMain] Condition evaluation unchanged
2024-08-06 13:14:23,631 INFO o.s.b.d.a.LocalDevToolsAutoConfiguration$RestartingClassPathChangeChangedEventListener [File Watcher] Restarting due to 8 class path changes (0 additions, 2 deletions, 6 modifications)
2024-08-06 13:14:23,661 INFO o.a.j.l.DirectJDKLog [Thread-9] Stopping ProtocolHandler ["http-nio-7070"]
2024-08-06 13:14:23,960 INFO o.s.b.StartupInfoLogger [restartedMain] Starting ScrapperApplication using Java 21.0.2 with PID 22604 (C:\Users\danil\Desktop\java-course-2023-backend-template\scrapper\target\classes started by danil in C:\Users\danil\Desktop\java-course-2023-backend-template)
2024-08-06 13:14:23,962 INFO o.s.b.SpringApplication [restartedMain] No active profile set, falling back to 1 default profile: "default"
2024-08-06 13:14:24,561 INFO o.s.b.w.e.t.TomcatWebServer [restartedMain] Tomcat initialized with port 7070 (http)
2024-08-06 13:14:24,563 INFO o.a.j.l.DirectJDKLog [restartedMain] Initializing ProtocolHandler ["http-nio-7070"]
2024-08-06 13:14:24,564 INFO o.a.j.l.DirectJDKLog [restartedMain] Starting service [Tomcat]
2024-08-06 13:14:24,565 INFO o.a.j.l.DirectJDKLog [restartedMain] Starting Servlet engine: [Apache Tomcat/10.1.18]
2024-08-06 13:14:24,605 INFO o.a.j.l.DirectJDKLog [restartedMain] Initializing Spring embedded WebApplicationContext
2024-08-06 13:14:24,606 INFO o.s.b.w.s.c.ServletWebServerApplicationContext [restartedMain] Root WebApplicationContext: initialization completed in 638 ms
2024-08-06 13:14:24,638 WARN o.s.c.s.AbstractApplicationContext [restartedMain] Exception encountered during context initialization - cancelling refresh attempt: org.springframework.beans.factory.UnsatisfiedDependencyException: Error creating bean with name 'textController' defined in file [C:\Users\danil\Desktop\java-course-2023-backend-template\scrapper\target\classes\edu\java\scrapper\controller\TextController.class]: Unsatisfied dependency expressed through constructor parameter 0: Error creating bean with name 'translationRequestService': Resolution of declared constructors on bean Class [edu.java.scrapper.services.TranslationRequestService] from ClassLoader [org.springframework.boot.devtools.restart.classloader.RestartClassLoader@313f46bd] failed
2024-08-06 13:14:24,639 INFO o.a.j.l.DirectJDKLog [restartedMain] Stopping service [Tomcat]
2024-08-06 13:14:24,648 INFO o.s.b.a.l.ConditionEvaluationReportLogger [restartedMain] 

Error starting ApplicationContext. To display the condition evaluation report re-run your application with 'debug' enabled.
2024-08-06 13:14:24,702 ERROR o.s.b.SpringApplication [restartedMain] Application run failed
org.springframework.beans.factory.UnsatisfiedDependencyException: Error creating bean with name 'textController' defined in file [C:\Users\danil\Desktop\java-course-2023-backend-template\scrapper\target\classes\edu\java\scrapper\controller\TextController.class]: Unsatisfied dependency expressed through constructor parameter 0: Error creating bean with name 'translationRequestService': Resolution of declared constructors on bean Class [edu.java.scrapper.services.TranslationRequestService] from ClassLoader [org.springframework.boot.devtools.restart.classloader.RestartClassLoader@313f46bd] failed
	at org.springframework.beans.factory.support.ConstructorResolver.createArgumentArray(ConstructorResolver.java:798) ~[spring-beans-6.1.3.jar:6.1.3]
	at org.springframework.beans.factory.support.ConstructorResolver.autowireConstructor(ConstructorResolver.java:237) ~[spring-beans-6.1.3.jar:6.1.3]
	at org.springframework.beans.factory.support.AbstractAutowireCapableBeanFactory.autowireConstructor(AbstractAutowireCapableBeanFactory.java:1354) ~[spring-beans-6.1.3.jar:6.1.3]
	at org.springframework.beans.factory.support.AbstractAutowireCapableBeanFactory.createBeanInstance(AbstractAutowireCapableBeanFactory.java:1191) ~[spring-beans-6.1.3.jar:6.1.3]
	at org.springframework.beans.factory.support.AbstractAutowireCapableBeanFactory.doCreateBean(AbstractAutowireCapableBeanFactory.java:561) ~[spring-beans-6.1.3.jar:6.1.3]
	at org.springframework.beans.factory.support.AbstractAutowireCapableBeanFactory.createBean(AbstractAutowireCapableBeanFactory.java:521) ~[spring-beans-6.1.3.jar:6.1.3]
	at org.springframework.beans.factory.support.AbstractBeanFactory.lambda$doGetBean$0(AbstractBeanFactory.java:325) ~[spring-beans-6.1.3.jar:6.1.3]
	at org.springframework.beans.factory.support.DefaultSingletonBeanRegistry.getSingleton(DefaultSingletonBeanRegistry.java:234) ~[spring-beans-6.1.3.jar:6.1.3]
	at org.springframework.beans.factory.support.AbstractBeanFactory.doGetBean(AbstractBeanFactory.java:323) ~[spring-beans-6.1.3.jar:6.1.3]
	at org.springframework.beans.factory.support.AbstractBeanFactory.getBean(AbstractBeanFactory.java:199) ~[spring-beans-6.1.3.jar:6.1.3]
	at org.springframework.beans.factory.support.DefaultListableBeanFactory.preInstantiateSingletons(DefaultListableBeanFactory.java:975) ~[spring-beans-6.1.3.jar:6.1.3]
	at org.springframework.context.support.AbstractApplicationContext.finishBeanFactoryInitialization(AbstractApplicationContext.java:959) ~[spring-context-6.1.3.jar:6.1.3]
	at org.springframework.context.support.AbstractApplicationContext.refresh(AbstractApplicationContext.java:624) ~[spring-context-6.1.3.jar:6.1.3]
	at org.springframework.boot.web.servlet.context.ServletWebServerApplicationContext.refresh(ServletWebServerApplicationContext.java:146) ~[spring-boot-3.2.2.jar:3.2.2]
	at org.springframework.boot.SpringApplication.refresh(SpringApplication.java:754) [spring-boot-3.2.2.jar:3.2.2]
	at org.springframework.boot.SpringApplication.refreshContext(SpringApplication.java:456) [spring-boot-3.2.2.jar:3.2.2]
	at org.springframework.boot.SpringApplication.run(SpringApplication.java:334) [spring-boot-3.2.2.jar:3.2.2]
	at org.springframework.boot.SpringApplication.run(SpringApplication.java:1354) [spring-boot-3.2.2.jar:3.2.2]
	at org.springframework.boot.SpringApplication.run(SpringApplication.java:1343) [spring-boot-3.2.2.jar:3.2.2]
	at edu.java.scrapper.ScrapperApplication.main(ScrapperApplication.java:13) [classes/:?]
	at java.base/jdk.internal.reflect.DirectMethodHandleAccessor.invoke(DirectMethodHandleAccessor.java:103) ~[?:?]
	at java.base/java.lang.reflect.Method.invoke(Method.java:580) ~[?:?]
	at org.springframework.boot.devtools.restart.RestartLauncher.run(RestartLauncher.java:50) [spring-boot-devtools-3.2.2.jar:3.2.2]
Caused by: org.springframework.beans.factory.BeanCreationException: Error creating bean with name 'translationRequestService': Resolution of declared constructors on bean Class [edu.java.scrapper.services.TranslationRequestService] from ClassLoader [org.springframework.boot.devtools.restart.classloader.RestartClassLoader@313f46bd] failed
	at org.springframework.beans.factory.annotation.AutowiredAnnotationBeanPostProcessor.determineCandidateConstructors(AutowiredAnnotationBeanPostProcessor.java:383) ~[spring-beans-6.1.3.jar:6.1.3]
	at org.springframework.beans.factory.support.AbstractAutowireCapableBeanFactory.determineConstructorsFromBeanPostProcessors(AbstractAutowireCapableBeanFactory.java:1293) ~[spring-beans-6.1.3.jar:6.1.3]
	at org.springframework.beans.factory.support.AbstractAutowireCapableBeanFactory.createBeanInstance(AbstractAutowireCapableBeanFactory.java:1188) ~[spring-beans-6.1.3.jar:6.1.3]
	at org.springframework.beans.factory.support.AbstractAutowireCapableBeanFactory.doCreateBean(AbstractAutowireCapableBeanFactory.java:561) ~[spring-beans-6.1.3.jar:6.1.3]
	at org.springframework.beans.factory.support.AbstractAutowireCapableBeanFactory.createBean(AbstractAutowireCapableBeanFactory.java:521) ~[spring-beans-6.1.3.jar:6.1.3]
	at org.springframework.beans.factory.support.AbstractBeanFactory.lambda$doGetBean$0(AbstractBeanFactory.java:325) ~[spring-beans-6.1.3.jar:6.1.3]
	at org.springframework.beans.factory.support.DefaultSingletonBeanRegistry.getSingleton(DefaultSingletonBeanRegistry.java:234) ~[spring-beans-6.1.3.jar:6.1.3]
	at org.springframework.beans.factory.support.AbstractBeanFactory.doGetBean(AbstractBeanFactory.java:323) ~[spring-beans-6.1.3.jar:6.1.3]
	at org.springframework.beans.factory.support.AbstractBeanFactory.getBean(AbstractBeanFactory.java:199) ~[spring-beans-6.1.3.jar:6.1.3]
	at org.springframework.beans.factory.config.DependencyDescriptor.resolveCandidate(DependencyDescriptor.java:254) ~[spring-beans-6.1.3.jar:6.1.3]
	at org.springframework.beans.factory.support.DefaultListableBeanFactory.doResolveDependency(DefaultListableBeanFactory.java:1443) ~[spring-beans-6.1.3.jar:6.1.3]
	at org.springframework.beans.factory.support.DefaultListableBeanFactory.resolveDependency(DefaultListableBeanFactory.java:1353) ~[spring-beans-6.1.3.jar:6.1.3]
	at org.springframework.beans.factory.support.ConstructorResolver.resolveAutowiredArgument(ConstructorResolver.java:907) ~[spring-beans-6.1.3.jar:6.1.3]
	at org.springframework.beans.factory.support.ConstructorResolver.createArgumentArray(ConstructorResolver.java:785) ~[spring-beans-6.1.3.jar:6.1.3]
	... 22 more
Caused by: java.lang.NoClassDefFoundError: edu/java/scrapper/clients/TranslateClinet
	at java.base/java.lang.Class.getDeclaredConstructors0(Native Method) ~[?:?]
	at java.base/java.lang.Class.privateGetDeclaredConstructors(Class.java:3549) ~[?:?]
	at java.base/java.lang.Class.getDeclaredConstructors(Class.java:2727) ~[?:?]
	at org.springframework.beans.factory.annotation.AutowiredAnnotationBeanPostProcessor.determineCandidateConstructors(AutowiredAnnotationBeanPostProcessor.java:378) ~[spring-beans-6.1.3.jar:6.1.3]
	at org.springframework.beans.factory.support.AbstractAutowireCapableBeanFactory.determineConstructorsFromBeanPostProcessors(AbstractAutowireCapableBeanFactory.java:1293) ~[spring-beans-6.1.3.jar:6.1.3]
	at org.springframework.beans.factory.support.AbstractAutowireCapableBeanFactory.createBeanInstance(AbstractAutowireCapableBeanFactory.java:1188) ~[spring-beans-6.1.3.jar:6.1.3]
	at org.springframework.beans.factory.support.AbstractAutowireCapableBeanFactory.doCreateBean(AbstractAutowireCapableBeanFactory.java:561) ~[spring-beans-6.1.3.jar:6.1.3]
	at org.springframework.beans.factory.support.AbstractAutowireCapableBeanFactory.createBean(AbstractAutowireCapableBeanFactory.java:521) ~[spring-beans-6.1.3.jar:6.1.3]
	at org.springframework.beans.factory.support.AbstractBeanFactory.lambda$doGetBean$0(AbstractBeanFactory.java:325) ~[spring-beans-6.1.3.jar:6.1.3]
	at org.springframework.beans.factory.support.DefaultSingletonBeanRegistry.getSingleton(DefaultSingletonBeanRegistry.java:234) ~[spring-beans-6.1.3.jar:6.1.3]
	at org.springframework.beans.factory.support.AbstractBeanFactory.doGetBean(AbstractBeanFactory.java:323) ~[spring-beans-6.1.3.jar:6.1.3]
	at org.springframework.beans.factory.support.AbstractBeanFactory.getBean(AbstractBeanFactory.java:199) ~[spring-beans-6.1.3.jar:6.1.3]
	at org.springframework.beans.factory.config.DependencyDescriptor.resolveCandidate(DependencyDescriptor.java:254) ~[spring-beans-6.1.3.jar:6.1.3]
	at org.springframework.beans.factory.support.DefaultListableBeanFactory.doResolveDependency(DefaultListableBeanFactory.java:1443) ~[spring-beans-6.1.3.jar:6.1.3]
	at org.springframework.beans.factory.support.DefaultListableBeanFactory.resolveDependency(DefaultListableBeanFactory.java:1353) ~[spring-beans-6.1.3.jar:6.1.3]
	at org.springframework.beans.factory.support.ConstructorResolver.resolveAutowiredArgument(ConstructorResolver.java:907) ~[spring-beans-6.1.3.jar:6.1.3]
	at org.springframework.beans.factory.support.ConstructorResolver.createArgumentArray(ConstructorResolver.java:785) ~[spring-beans-6.1.3.jar:6.1.3]
	... 22 more
Caused by: java.lang.ClassNotFoundException: edu.java.scrapper.clients.TranslateClinet
	at java.base/jdk.internal.loader.BuiltinClassLoader.loadClass(BuiltinClassLoader.java:641) ~[?:?]
	at java.base/jdk.internal.loader.ClassLoaders$AppClassLoader.loadClass(ClassLoaders.java:188) ~[?:?]
	at java.base/java.lang.ClassLoader.loadClass(ClassLoader.java:526) ~[?:?]
	at java.base/java.lang.Class.forName0(Native Method) ~[?:?]
	at java.base/java.lang.Class.forName(Class.java:534) ~[?:?]
	at java.base/java.lang.Class.forName(Class.java:513) ~[?:?]
	at org.springframework.boot.devtools.restart.classloader.RestartClassLoader.loadClass(RestartClassLoader.java:121) ~[spring-boot-devtools-3.2.2.jar:3.2.2]
	at java.base/java.lang.ClassLoader.loadClass(ClassLoader.java:526) ~[?:?]
	at java.base/java.lang.Class.getDeclaredConstructors0(Native Method) ~[?:?]
	at java.base/java.lang.Class.privateGetDeclaredConstructors(Class.java:3549) ~[?:?]
	at java.base/java.lang.Class.getDeclaredConstructors(Class.java:2727) ~[?:?]
	at org.springframework.beans.factory.annotation.AutowiredAnnotationBeanPostProcessor.determineCandidateConstructors(AutowiredAnnotationBeanPostProcessor.java:378) ~[spring-beans-6.1.3.jar:6.1.3]
	at org.springframework.beans.factory.support.AbstractAutowireCapableBeanFactory.determineConstructorsFromBeanPostProcessors(AbstractAutowireCapableBeanFactory.java:1293) ~[spring-beans-6.1.3.jar:6.1.3]
	at org.springframework.beans.factory.support.AbstractAutowireCapableBeanFactory.createBeanInstance(AbstractAutowireCapableBeanFactory.java:1188) ~[spring-beans-6.1.3.jar:6.1.3]
	at org.springframework.beans.factory.support.AbstractAutowireCapableBeanFactory.doCreateBean(AbstractAutowireCapableBeanFactory.java:561) ~[spring-beans-6.1.3.jar:6.1.3]
	at org.springframework.beans.factory.support.AbstractAutowireCapableBeanFactory.createBean(AbstractAutowireCapableBeanFactory.java:521) ~[spring-beans-6.1.3.jar:6.1.3]
	at org.springframework.beans.factory.support.AbstractBeanFactory.lambda$doGetBean$0(AbstractBeanFactory.java:325) ~[spring-beans-6.1.3.jar:6.1.3]
	at org.springframework.beans.factory.support.DefaultSingletonBeanRegistry.getSingleton(DefaultSingletonBeanRegistry.java:234) ~[spring-beans-6.1.3.jar:6.1.3]
	at org.springframework.beans.factory.support.AbstractBeanFactory.doGetBean(AbstractBeanFactory.java:323) ~[spring-beans-6.1.3.jar:6.1.3]
	at org.springframework.beans.factory.support.AbstractBeanFactory.getBean(AbstractBeanFactory.java:199) ~[spring-beans-6.1.3.jar:6.1.3]
	at org.springframework.beans.factory.config.DependencyDescriptor.resolveCandidate(DependencyDescriptor.java:254) ~[spring-beans-6.1.3.jar:6.1.3]
	at org.springframework.beans.factory.support.DefaultListableBeanFactory.doResolveDependency(DefaultListableBeanFactory.java:1443) ~[spring-beans-6.1.3.jar:6.1.3]
	at org.springframework.beans.factory.support.DefaultListableBeanFactory.resolveDependency(DefaultListableBeanFactory.java:1353) ~[spring-beans-6.1.3.jar:6.1.3]
	at org.springframework.beans.factory.support.ConstructorResolver.resolveAutowiredArgument(ConstructorResolver.java:907) ~[spring-beans-6.1.3.jar:6.1.3]
	at org.springframework.beans.factory.support.ConstructorResolver.createArgumentArray(ConstructorResolver.java:785) ~[spring-beans-6.1.3.jar:6.1.3]
	... 22 more
2024-08-06 13:14:28,287 INFO o.s.b.StartupInfoLogger [restartedMain] Starting ScrapperApplication using Java 21.0.2 with PID 22604 (C:\Users\danil\Desktop\java-course-2023-backend-template\scrapper\target\classes started by danil in C:\Users\danil\Desktop\java-course-2023-backend-template)
2024-08-06 13:14:28,288 INFO o.s.b.SpringApplication [restartedMain] No active profile set, falling back to 1 default profile: "default"
2024-08-06 13:14:28,701 INFO o.s.b.w.e.t.TomcatWebServer [restartedMain] Tomcat initialized with port 7070 (http)
2024-08-06 13:14:28,704 INFO o.a.j.l.DirectJDKLog [restartedMain] Initializing ProtocolHandler ["http-nio-7070"]
2024-08-06 13:14:28,705 INFO o.a.j.l.DirectJDKLog [restartedMain] Starting service [Tomcat]
2024-08-06 13:14:28,705 INFO o.a.j.l.DirectJDKLog [restartedMain] Starting Servlet engine: [Apache Tomcat/10.1.18]
2024-08-06 13:14:28,734 INFO o.a.j.l.DirectJDKLog [restartedMain] Initializing Spring embedded WebApplicationContext
2024-08-06 13:14:28,735 INFO o.s.b.w.s.c.ServletWebServerApplicationContext [restartedMain] Root WebApplicationContext: initialization completed in 444 ms
2024-08-06 13:14:29,022 WARN o.s.b.d.a.OptionalLiveReloadServer [restartedMain] Unable to start LiveReload server
2024-08-06 13:14:29,033 INFO o.a.j.l.DirectJDKLog [restartedMain] Starting ProtocolHandler ["http-nio-7070"]
2024-08-06 13:14:29,038 INFO o.s.b.w.e.t.TomcatWebServer [restartedMain] Tomcat started on port 7070 (http) with context path ''
2024-08-06 13:14:29,043 INFO o.s.b.StartupInfoLogger [restartedMain] Started ScrapperApplication in 0.802 seconds (process running for 453.017)
2024-08-06 13:14:29,045 INFO o.s.b.d.a.ConditionEvaluationDeltaLoggingListener [restartedMain] Condition evaluation unchanged
2024-08-06 13:15:18,906 INFO o.s.b.d.a.LocalDevToolsAutoConfiguration$RestartingClassPathChangeChangedEventListener [File Watcher] Restarting due to 6 class path changes (0 additions, 0 deletions, 6 modifications)
2024-08-06 13:15:18,909 INFO o.a.j.l.DirectJDKLog [Thread-13] Stopping ProtocolHandler ["http-nio-7070"]
2024-08-06 13:15:19,058 INFO o.s.b.StartupInfoLogger [restartedMain] Starting ScrapperApplication using Java 21.0.2 with PID 22604 (C:\Users\danil\Desktop\java-course-2023-backend-template\scrapper\target\classes started by danil in C:\Users\danil\Desktop\java-course-2023-backend-template)
2024-08-06 13:15:19,059 INFO o.s.b.SpringApplication [restartedMain] No active profile set, falling back to 1 default profile: "default"
2024-08-06 13:15:19,735 INFO o.s.b.w.e.t.TomcatWebServer [restartedMain] Tomcat initialized with port 7070 (http)
2024-08-06 13:15:19,737 INFO o.a.j.l.DirectJDKLog [restartedMain] Initializing ProtocolHandler ["http-nio-7070"]
2024-08-06 13:15:19,737 INFO o.a.j.l.DirectJDKLog [restartedMain] Starting service [Tomcat]
2024-08-06 13:15:19,738 INFO o.a.j.l.DirectJDKLog [restartedMain] Starting Servlet engine: [Apache Tomcat/10.1.18]
2024-08-06 13:15:19,769 INFO o.a.j.l.DirectJDKLog [restartedMain] Initializing Spring embedded WebApplicationContext
2024-08-06 13:15:19,769 INFO o.s.b.w.s.c.ServletWebServerApplicationContext [restartedMain] Root WebApplicationContext: initialization completed in 704 ms
2024-08-06 13:15:20,034 WARN o.s.b.d.a.OptionalLiveReloadServer [restartedMain] Unable to start LiveReload server
2024-08-06 13:15:20,045 INFO o.a.j.l.DirectJDKLog [restartedMain] Starting ProtocolHandler ["http-nio-7070"]
2024-08-06 13:15:20,050 INFO o.s.b.w.e.t.TomcatWebServer [restartedMain] Tomcat started on port 7070 (http) with context path ''
2024-08-06 13:15:20,054 INFO o.s.b.StartupInfoLogger [restartedMain] Started ScrapperApplication in 1.074 seconds (process running for 504.029)
2024-08-06 13:15:20,056 INFO o.s.b.d.a.ConditionEvaluationDeltaLoggingListener [restartedMain] Condition evaluation unchanged
